<?xml version="1.0" encoding="UTF-8"?>
<testng-results ignored="0" total="1" passed="1" failed="0" skipped="0">
  <reporter-output>
  </reporter-output>
  <suite started-at="2021-10-15T00:35:49 IST" name="Default suite" finished-at="2021-10-15T00:38:01 IST" duration-ms="131971">
    <groups>
    </groups>
    <test started-at="2021-10-15T00:35:49 IST" name="Default test" finished-at="2021-10-15T00:38:01 IST" duration-ms="131971">
      <class name="com.ddf.test.LoginTest.loginTest_v3_1_xml_OR">
        <test-method signature="testOne()[pri:0, instance:com.ddf.test.LoginTest.loginTest_v3_1_xml_OR@548e6d58]" started-at="2021-10-15T00:35:49 IST" name="testOne" finished-at="2021-10-15T00:38:00 IST" duration-ms="130529" status="PASS">
          <reporter-output>
          </reporter-output>
        </test-method> <!-- testOne -->
        <test-method is-config="true" signature="endReport()[pri:0, instance:com.ddf.test.LoginTest.loginTest_v3_1_xml_OR@548e6d58]" started-at="2021-10-15T00:38:00 IST" name="endReport" finished-at="2021-10-15T00:38:01 IST" duration-ms="1295" status="PASS">
          <reporter-output>
          </reporter-output>
        </test-method> <!-- endReport -->
      </class> <!-- com.ddf.test.LoginTest.loginTest_v3_1_xml_OR -->
    </test> <!-- Default test -->
  </suite> <!-- Default suite -->
</testng-results>
